::1 - - [28/Jan/2021:19:23:01 +0000] "GET /api/v1/books HTTP/1.1" 500 2165 "-" "PostmanRuntime/7.26.8"
::1 - - [28/Jan/2021:19:24:14 +0000] "GET /api/v1/books HTTP/1.1" 200 193 "-" "PostmanRuntime/7.26.8"
::1 - - [28/Jan/2021:19:42:02 +0000] "GET /api/v1/books/HarryPotter HTTP/1.1" 500 2161 "-" "PostmanRuntime/7.26.8"
::1 - - [28/Jan/2021:19:43:14 +0000] "GET /api/v1/books/HarryPotter HTTP/1.1" 200 2 "-" "PostmanRuntime/7.26.8"
::1 - - [28/Jan/2021:19:43:22 +0000] "GET /api/v1/books/Harry%20Potter HTTP/1.1" 200 91 "-" "PostmanRuntime/7.26.8"
::1 - - [28/Jan/2021:20:10:58 +0000] "GET /api/v1/books/autor/Joanne HTTP/1.1" - - "-" "PostmanRuntime/7.26.8"
::1 - - [28/Jan/2021:20:11:10 +0000] "GET /api/v1/books/titulo/Harry%20Potter HTTP/1.1" 200 91 "-" "PostmanRuntime/7.26.8"
::1 - - [28/Jan/2021:20:13:26 +0000] "GET /api/v1/books/autor/Joanne HTTP/1.1" 400 40 "-" "PostmanRuntime/7.26.8"
::1 - - [28/Jan/2021:20:13:51 +0000] "GET /api/v1/books/autor/Joanne HTTP/1.1" 400 46 "-" "PostmanRuntime/7.26.8"
::1 - - [28/Jan/2021:20:15:43 +0000] "GET /api/v1/books/autor/Joanne HTTP/1.1" 400 159 "-" "PostmanRuntime/7.26.8"
::1 - - [28/Jan/2021:20:18:43 +0000] "GET /api/v1/books/autor/Joanne HTTP/1.1" 400 159 "-" "PostmanRuntime/7.26.8"
::1 - - [28/Jan/2021:20:18:55 +0000] "GET /api/v1/books/autor/%22Joanne%22 HTTP/1.1" 400 159 "-" "PostmanRuntime/7.26.8"
::1 - - [28/Jan/2021:20:19:01 +0000] "GET /api/v1/books/autor/Joanne HTTP/1.1" 400 159 "-" "PostmanRuntime/7.26.8"
::1 - - [28/Jan/2021:20:19:02 +0000] "GET /api/v1/books/autor/Joanne HTTP/1.1" 400 159 "-" "PostmanRuntime/7.26.8"
::1 - - [28/Jan/2021:20:20:45 +0000] "GET /api/v1/books/autor/Joanne HTTP/1.1" 400 159 "-" "PostmanRuntime/7.26.8"
::1 - - [28/Jan/2021:20:22:29 +0000] "GET /api/v1/books/autor/Joanne HTTP/1.1" 200 91 "-" "PostmanRuntime/7.26.8"
::1 - - [28/Jan/2021:20:25:17 +0000] "GET /api/v1/books/titulo/Harry%20Potter HTTP/1.1" 200 91 "-" "PostmanRuntime/7.26.8"
::1 - - [28/Jan/2021:20:25:18 +0000] "GET /api/v1/books/titulo/Harry%20Potter HTTP/1.1" 200 91 "-" "PostmanRuntime/7.26.8"
::1 - - [28/Jan/2021:20:25:19 +0000] "GET /api/v1/books/titulo/Harry%20Potter HTTP/1.1" 200 91 "-" "PostmanRuntime/7.26.8"
::1 - - [28/Jan/2021:20:25:23 +0000] "GET /api/v1/books/titulo/Harry%20Potter HTTP/1.1" 200 91 "-" "PostmanRuntime/7.26.8"
::1 - - [28/Jan/2021:20:27:52 +0000] "GET /api/v1/books/titulo/Harry%20Potter HTTP/1.1" 200 91 "-" "PostmanRuntime/7.26.8"
::1 - - [28/Jan/2021:20:30:08 +0000] "GET /api/v1/books/title/Harry%20Potter HTTP/1.1" 200 91 "-" "PostmanRuntime/7.26.8"
::1 - - [28/Jan/2021:20:31:19 +0000] "GET /api/v1/books/author/Joanne HTTP/1.1" 400 38 "-" "PostmanRuntime/7.26.8"
::1 - - [28/Jan/2021:20:32:21 +0000] "GET /api/v1/books/author/Joanne HTTP/1.1" 200 91 "-" "PostmanRuntime/7.26.8"
::1 - - [29/Jan/2021:10:10:50 +0000] "GET /api/v1/books/author/Joanne HTTP/1.1" 400 55 "-" "PostmanRuntime/7.26.8"
::1 - - [29/Jan/2021:10:13:21 +0000] "GET /api/v1/books/author/Miguel HTTP/1.1" 200 193 "-" "PostmanRuntime/7.26.8"
